INFO	2020-05-21 06:51:47,113	0	Scrolling_Page	[main]	log successfull
WARN	2020-05-21 07:15:07,578	0	Log4j	[main]	this is just a warning
INFO	2020-05-21 07:15:07,615	37	Log4j	[main]	This is just a log info
DEBUG	2020-05-21 07:15:07,616	38	Log4j	[main]	This is just a log debug
FATAL	2020-05-21 07:15:07,616	38	Log4j	[main]	This is just a fata message
WARN	2020-05-21 07:17:08,520	1	Log4j	[main]	this is just a warning
INFO	2020-05-21 07:17:08,522	3	Log4j	[main]	This is just a log info
DEBUG	2020-05-21 07:17:08,523	4	Log4j	[main]	This is just a log debug
FATAL	2020-05-21 07:17:08,523	4	Log4j	[main]	This is just a fata message
WARN	2020-05-21 07:17:41,132	0	Log4j	[main]	this is just a warning
INFO	2020-05-21 07:17:41,133	1	Log4j	[main]	This is just a log info
FATAL	2020-05-21 07:17:41,133	1	Log4j	[main]	This is just a fata message
FATAL	2020-05-21 07:18:10,227	0	Log4j	[main]	This is just a fata message
FATAL	2020-05-21 07:19:50,827	0	Log4j	[main]	This is just a fata message
WARN	2020-05-21 07:20:20,880	0	Log4j	[main]	this is just a warning
INFO	2020-05-21 07:20:20,881	1	Log4j	[main]	This is just a log info
FATAL	2020-05-21 07:20:20,882	2	Log4j	[main]	This is just a fata message
ERROR	2020-05-21 07:20:20,882	2	Log4j	[main]	This is a just a error message
WARN	2020-05-21 07:20:45,951	0	Log4j	[main]	this is just a warning
FATAL	2020-05-21 07:20:45,953	2	Log4j	[main]	This is just a fata message
ERROR	2020-05-21 07:20:45,953	2	Log4j	[main]	This is a just a error message
FATAL	2020-05-21 07:21:29,785	0	Log4j	[main]	This is just a fata message
ERROR	2020-05-21 07:21:29,787	2	Log4j	[main]	This is a just a error message
WARN	2020-05-21 07:24:07,870	0	Log4j	[main]	this is just a warning
FATAL	2020-05-21 07:24:07,871	1	Log4j	[main]	This is just a fata message
ERROR	2020-05-21 07:24:07,871	1	Log4j	[main]	This is a just a error message
WARN	2020-05-21 07:24:34,591	0	Log4j	[main]	this is just a warning
INFO	2020-05-21 07:24:34,593	2	Log4j	[main]	This is just a log info
DEBUG	2020-05-21 07:24:34,593	2	Log4j	[main]	This is just a log debug
FATAL	2020-05-21 07:24:34,593	2	Log4j	[main]	This is just a fata message
ERROR	2020-05-21 07:24:34,593	2	Log4j	[main]	This is a just a error message
WARN	2020-05-21 07:25:07,504	0	Log4j	[main]	this is just a warning
INFO	2020-05-21 07:25:07,505	1	Log4j	[main]	This is just a log info
DEBUG	2020-05-21 07:25:07,505	1	Log4j	[main]	This is just a log debug
FATAL	2020-05-21 07:25:07,505	1	Log4j	[main]	This is just a fata message
TRACE	2020-05-21 07:25:07,506	2	Log4j	[main]	this is just a trace message
ERROR	2020-05-21 07:25:07,506	2	Log4j	[main]	This is a just a error message
WARN	2020-05-21 07:25:21,622	1	Log4j	[main]	this is just a warning
INFO	2020-05-21 07:25:21,623	2	Log4j	[main]	This is just a log info
DEBUG	2020-05-21 07:25:21,623	2	Log4j	[main]	This is just a log debug
FATAL	2020-05-21 07:25:21,623	2	Log4j	[main]	This is just a fata message
TRACE	2020-05-21 07:25:21,624	3	Log4j	[main]	this is just a trace message
ERROR	2020-05-21 07:25:21,624	3	Log4j	[main]	This is a just a error message
WARN	2020-05-21 07:26:17,259	0	Log4j	[main]	this is just a warning
INFO	2020-05-21 07:26:17,260	1	Log4j	[main]	This is just a log info
DEBUG	2020-05-21 07:26:17,260	1	Log4j	[main]	This is just a log debug
FATAL	2020-05-21 07:26:17,260	1	Log4j	[main]	This is just a fata message
ERROR	2020-05-21 07:26:17,261	2	Log4j	[main]	This is a just a error message
